<?xml version="1.0" encoding="UTF-8"?>
<testng-results ignored="0" total="1" passed="1" failed="0" skipped="0">
  <reporter-output>
  </reporter-output>
  <suite started-at="2024-02-27T12:23:43 IST" name="Default suite" finished-at="2024-02-27T12:23:43 IST" duration-ms="58">
    <groups>
    </groups>
    <test started-at="2024-02-27T12:23:43 IST" name="Default test" finished-at="2024-02-27T12:23:43 IST" duration-ms="58">
      <class name="demogit.NewTest">
        <test-method signature="f()[pri:0, instance:demogit.NewTest@3a6bb9bf]" started-at="2024-02-27T12:23:43 IST" name="f" finished-at="2024-02-27T12:23:43 IST" duration-ms="9" status="PASS">
          <reporter-output>
          </reporter-output>
        </test-method> <!-- f -->
      </class> <!-- demogit.NewTest -->
    </test> <!-- Default test -->
  </suite> <!-- Default suite -->
</testng-results>
